<?xml version="1.0" encoding="UTF-8"?>
<!-- Generated by org.testng.reporters.JUnitXMLReporter -->
<testsuite hostname="DESKTOP-ATOQJFI" ignored="0" name="Default test" tests="1" failures="0" timestamp="2020-12-28T09:06:54 PST" time="91.98" errors="0">
  <testcase name="@BeforeTest invokeBrowser" time="90.985" classname="com.atmecs.konakart.testsuite.BaseClass">
    <failure type="org.openqa.selenium.WebDriverException" message="chrome not reachable
Build info: version: &amp;apos;3.141.59&amp;apos;, revision: &amp;apos;e82be7d358&amp;apos;, time: &amp;apos;2018-11-14T08:17:03&amp;apos;
System info: host: &amp;apos;DESKTOP-ATOQJFI&amp;apos;, ip: &amp;apos;192.168.43.118&amp;apos;, os.name: &amp;apos;Windows 10&amp;apos;, os.arch: &amp;apos;x86&amp;apos;, os.version: &amp;apos;10.0&amp;apos;, java.version: &amp;apos;1.8.0_211&amp;apos;
Driver info: driver.version: ChromeDriver
remote stacktrace: Backtrace:
	Ordinal0 [0x0052C0C3+3326147]
	Ordinal0 [0x00410851+2164817]
	Ordinal0 [0x00297140+618816]
	Ordinal0 [0x0028D334+578356]
	Ordinal0 [0x00211877+71799]
	Ordinal0 [0x0020E119+57625]
	Ordinal0 [0x0020C38A+50058]
	Ordinal0 [0x00235F3E+220990]
	Ordinal0 [0x00235CAC+220332]
	Ordinal0 [0x0023189B+202907]
	Ordinal0 [0x00213DF4+81396]
	Ordinal0 [0x00214DEE+85486]
	Ordinal0 [0x00214D79+85369]
	Ordinal0 [0x004285DC+2262492]
	GetHandleVerifier [0x006B2874+1487204]
	GetHandleVerifier [0x006B23CD+1486013]
	GetHandleVerifier [0x006BA368+1518680]
	GetHandleVerifier [0x006B2F4E+1488958]
	Ordinal0 [0x0041ED0D+2223373]
	Ordinal0 [0x0042A12B+2269483]
	Ordinal0 [0x0042A26F+2269807]
	Ordinal0 [0x0043ECB8+2354360]
	BaseThreadInitThunk [0x76396359+25]
	RtlGetAppContainerNamedObjectPath [0x77748944+228]
	RtlGetAppContainerNamedObjectPath [0x77748914+180]
">
      <![CDATA[org.openqa.selenium.WebDriverException: chrome not reachable
Build info: version: '3.141.59', revision: 'e82be7d358', time: '2018-11-14T08:17:03'
System info: host: 'DESKTOP-ATOQJFI', ip: '192.168.43.118', os.name: 'Windows 10', os.arch: 'x86', os.version: '10.0', java.version: '1.8.0_211'
Driver info: driver.version: ChromeDriver
remote stacktrace: Backtrace:
Ordinal0 [0x0052C0C3+3326147]
Ordinal0 [0x00410851+2164817]
Ordinal0 [0x00297140+618816]
Ordinal0 [0x0028D334+578356]
Ordinal0 [0x00211877+71799]
Ordinal0 [0x0020E119+57625]
Ordinal0 [0x0020C38A+50058]
Ordinal0 [0x00235F3E+220990]
Ordinal0 [0x00235CAC+220332]
Ordinal0 [0x0023189B+202907]
Ordinal0 [0x00213DF4+81396]
Ordinal0 [0x00214DEE+85486]
Ordinal0 [0x00214D79+85369]
Ordinal0 [0x004285DC+2262492]
GetHandleVerifier [0x006B2874+1487204]
GetHandleVerifier [0x006B23CD+1486013]
GetHandleVerifier [0x006BA368+1518680]
GetHandleVerifier [0x006B2F4E+1488958]
Ordinal0 [0x0041ED0D+2223373]
Ordinal0 [0x0042A12B+2269483]
Ordinal0 [0x0042A26F+2269807]
Ordinal0 [0x0043ECB8+2354360]
BaseThreadInitThunk [0x76396359+25]
RtlGetAppContainerNamedObjectPath [0x77748944+228]
RtlGetAppContainerNamedObjectPath [0x77748914+180]

at sun.reflect.NativeConstructorAccessorImpl.newInstance0(Native Method)
at sun.reflect.NativeConstructorAccessorImpl.newInstance(NativeConstructorAccessorImpl.java:62)
at sun.reflect.DelegatingConstructorAccessorImpl.newInstance(DelegatingConstructorAccessorImpl.java:45)
at java.lang.reflect.Constructor.newInstance(Constructor.java:423)
at org.openqa.selenium.remote.W3CHandshakeResponse.lambda$errorHandler$0(W3CHandshakeResponse.java:62)
at org.openqa.selenium.remote.HandshakeResponse.lambda$getResponseFunction$0(HandshakeResponse.java:30)
at org.openqa.selenium.remote.ProtocolHandshake.lambda$createSession$0(ProtocolHandshake.java:126)
at java.util.stream.ReferencePipeline$3$1.accept(ReferencePipeline.java:193)
at java.util.Spliterators$ArraySpliterator.tryAdvance(Spliterators.java:958)
at java.util.stream.ReferencePipeline.forEachWithCancel(ReferencePipeline.java:126)
at java.util.stream.AbstractPipeline.copyIntoWithCancel(AbstractPipeline.java:498)
at java.util.stream.AbstractPipeline.copyInto(AbstractPipeline.java:485)
at java.util.stream.AbstractPipeline.wrapAndCopyInto(AbstractPipeline.java:471)
at java.util.stream.FindOps$FindOp.evaluateSequential(FindOps.java:152)
at java.util.stream.AbstractPipeline.evaluate(AbstractPipeline.java:234)
at java.util.stream.ReferencePipeline.findFirst(ReferencePipeline.java:464)
at org.openqa.selenium.remote.ProtocolHandshake.createSession(ProtocolHandshake.java:128)
at org.openqa.selenium.remote.ProtocolHandshake.createSession(ProtocolHandshake.java:74)
at org.openqa.selenium.remote.HttpCommandExecutor.execute(HttpCommandExecutor.java:136)
at org.openqa.selenium.remote.service.DriverCommandExecutor.execute(DriverCommandExecutor.java:83)
at org.openqa.selenium.remote.RemoteWebDriver.execute(RemoteWebDriver.java:552)
at org.openqa.selenium.remote.RemoteWebDriver.startSession(RemoteWebDriver.java:213)
at org.openqa.selenium.remote.RemoteWebDriver.<init>(RemoteWebDriver.java:131)
at org.openqa.selenium.chrome.ChromeDriver.<init>(ChromeDriver.java:181)
at org.openqa.selenium.chrome.ChromeDriver.<init>(ChromeDriver.java:168)
at org.openqa.selenium.chrome.ChromeDriver.<init>(ChromeDriver.java:123)
at com.atmecs.konakart.testsuite.BaseClass.invokeBrowser(BaseClass.java:28)
at sun.reflect.NativeMethodAccessorImpl.invoke0(Native Method)
at sun.reflect.NativeMethodAccessorImpl.invoke(NativeMethodAccessorImpl.java:62)
at sun.reflect.DelegatingMethodAccessorImpl.invoke(DelegatingMethodAccessorImpl.java:43)
at java.lang.reflect.Method.invoke(Method.java:498)
at org.testng.internal.MethodInvocationHelper.invokeMethod(MethodInvocationHelper.java:132)
at org.testng.internal.MethodInvocationHelper.invokeMethodConsideringTimeout(MethodInvocationHelper.java:61)
at org.testng.internal.ConfigInvoker.invokeConfigurationMethod(ConfigInvoker.java:366)
at org.testng.internal.ConfigInvoker.invokeConfigurations(ConfigInvoker.java:320)
at org.testng.TestRunner.invokeTestConfigurations(TestRunner.java:617)
at org.testng.TestRunner.beforeRun(TestRunner.java:607)
at org.testng.TestRunner.run(TestRunner.java:578)
at org.testng.SuiteRunner.runTest(SuiteRunner.java:384)
at org.testng.SuiteRunner.runSequentially(SuiteRunner.java:378)
at org.testng.SuiteRunner.privateRun(SuiteRunner.java:337)
at org.testng.SuiteRunner.run(SuiteRunner.java:286)
at org.testng.SuiteRunnerWorker.runSuite(SuiteRunnerWorker.java:53)
at org.testng.SuiteRunnerWorker.run(SuiteRunnerWorker.java:96)
at org.testng.TestNG.runSuitesSequentially(TestNG.java:1218)
at org.testng.TestNG.runSuitesLocally(TestNG.java:1140)
at org.testng.TestNG.runSuites(TestNG.java:1069)
at org.testng.TestNG.run(TestNG.java:1037)
at org.testng.remote.AbstractRemoteTestNG.run(AbstractRemoteTestNG.java:115)
at org.testng.remote.RemoteTestNG.initAndRun(RemoteTestNG.java:251)
at org.testng.remote.RemoteTestNG.main(RemoteTestNG.java:77)
]]>
    </failure>
  </testcase> <!-- @BeforeTest invokeBrowser -->
  <testcase name="searchProduct" time="0.0" classname="com.atmecs.konakart.tests.HomePage">
    <skipped/>
  </testcase> <!-- searchProduct -->
</testsuite> <!-- Default test -->
