<?xml version="1.0" encoding="UTF-8"?>
<!-- Generated by org.testng.reporters.JUnitXMLReporter -->
<testsuite hostname="DESKTOP-ATOQJFI" ignored="0" name="Test" tests="1" failures="1" timestamp="2020-12-28T09:12:12 PST" time="146.226" errors="0">
  <testcase name="searchProduct" time="27.642" classname="com.atmecs.konakart.tests.HomePage">
    <failure type="org.openqa.selenium.ElementClickInterceptedException" message="element click intercepted: Element &amp;lt;a id=&amp;quot;search-button&amp;quot; class=&amp;quot;rounded-corners-right&amp;quot;&amp;gt;...&amp;lt;/a&amp;gt; is not clickable at point (1094, 171). Other element would receive the click: &amp;lt;iframe name=&amp;quot;f2d5dd538b4f8&amp;quot; width=&amp;quot;1000px&amp;quot; height=&amp;quot;1000px&amp;quot; title=&amp;quot;&amp;quot; frameborder=&amp;quot;0&amp;quot; allowtransparency=&amp;quot;true&amp;quot; allowfullscreen=&amp;quot;true&amp;quot; scrolling=&amp;quot;no&amp;quot; allow=&amp;quot;encrypted-media&amp;quot; src=&amp;quot;https://www.facebook.com/v6.0/plugins/customerchat.php?app_id=2006524262903520&amp;amp;amp;channel=https%3A%2F%2Fstaticxx.facebook.com%2Fx%2Fconnect%2Fxd_arbiter%2F%3Fversion%3D46%23cb%3Df3c8c75a8fe0f2c%26domain%3Dwww.konakart.com%26origin%3Dhttps%253A%252F%252Fwww.konakart.com%252Ff2578a258dd5768%26relation%3Dparent.parent&amp;amp;amp;container_width=0&amp;amp;amp;locale=en_US&amp;amp;amp;minimized=true&amp;amp;amp;page_id=1328384363951576&amp;amp;amp;request_time=1609175479699&amp;amp;amp;sdk=joey&amp;quot; style=&amp;quot;padding: 0px; position: fixed; z-index: 2147483646; border-radius: 16px; top: auto; width: 399px; max-height: calc(100% - 80px); background: none; bottom: 85px; right: 4px; margin-right: 12px; height: 458px; visibility: visible;&amp;quot; class=&amp;quot;&amp;quot; data-testid=&amp;quot;dialog_iframe&amp;quot;&amp;gt;&amp;lt;/iframe&amp;gt;
  (Session info: chrome=87.0.4280.88)
Build info: version: &amp;apos;3.141.59&amp;apos;, revision: &amp;apos;e82be7d358&amp;apos;, time: &amp;apos;2018-11-14T08:17:03&amp;apos;
System info: host: &amp;apos;DESKTOP-ATOQJFI&amp;apos;, ip: &amp;apos;192.168.43.118&amp;apos;, os.name: &amp;apos;Windows 10&amp;apos;, os.arch: &amp;apos;x86&amp;apos;, os.version: &amp;apos;10.0&amp;apos;, java.version: &amp;apos;1.8.0_211&amp;apos;
Driver info: org.openqa.selenium.chrome.ChromeDriver
Capabilities {acceptInsecureCerts: false, browserName: chrome, browserVersion: 87.0.4280.88, chrome: {chromedriverVersion: 87.0.4280.88 (89e2380a3e36c..., userDataDir: C:\Users\admin\AppData\Loca...}, goog:chromeOptions: {debuggerAddress: localhost:50537}, javascriptEnabled: true, networkConnectionEnabled: false, pageLoadStrategy: normal, platform: WINDOWS, platformName: WINDOWS, proxy: Proxy(), setWindowRect: true, strictFileInteractability: false, timeouts: {implicit: 0, pageLoad: 300000, script: 30000}, unhandledPromptBehavior: dismiss and notify, webauthn:virtualAuthenticators: true}
Session ID: 3a00463be4775d60527c246e76e1e3a6">
      <![CDATA[org.openqa.selenium.ElementClickInterceptedException: element click intercepted: Element <a id="search-button" class="rounded-corners-right">...</a> is not clickable at point (1094, 171). Other element would receive the click: <iframe name="f2d5dd538b4f8" width="1000px" height="1000px" title="" frameborder="0" allowtransparency="true" allowfullscreen="true" scrolling="no" allow="encrypted-media" src="https://www.facebook.com/v6.0/plugins/customerchat.php?app_id=2006524262903520&amp;channel=https%3A%2F%2Fstaticxx.facebook.com%2Fx%2Fconnect%2Fxd_arbiter%2F%3Fversion%3D46%23cb%3Df3c8c75a8fe0f2c%26domain%3Dwww.konakart.com%26origin%3Dhttps%253A%252F%252Fwww.konakart.com%252Ff2578a258dd5768%26relation%3Dparent.parent&amp;container_width=0&amp;locale=en_US&amp;minimized=true&amp;page_id=1328384363951576&amp;request_time=1609175479699&amp;sdk=joey" style="padding: 0px; position: fixed; z-index: 2147483646; border-radius: 16px; top: auto; width: 399px; max-height: calc(100% - 80px); background: none; bottom: 85px; right: 4px; margin-right: 12px; height: 458px; visibility: visible;" class="" data-testid="dialog_iframe"></iframe>
  (Session info: chrome=87.0.4280.88)
Build info: version: '3.141.59', revision: 'e82be7d358', time: '2018-11-14T08:17:03'
System info: host: 'DESKTOP-ATOQJFI', ip: '192.168.43.118', os.name: 'Windows 10', os.arch: 'x86', os.version: '10.0', java.version: '1.8.0_211'
Driver info: org.openqa.selenium.chrome.ChromeDriver
Capabilities {acceptInsecureCerts: false, browserName: chrome, browserVersion: 87.0.4280.88, chrome: {chromedriverVersion: 87.0.4280.88 (89e2380a3e36c..., userDataDir: C:\Users\admin\AppData\Loca...}, goog:chromeOptions: {debuggerAddress: localhost:50537}, javascriptEnabled: true, networkConnectionEnabled: false, pageLoadStrategy: normal, platform: WINDOWS, platformName: WINDOWS, proxy: Proxy(), setWindowRect: true, strictFileInteractability: false, timeouts: {implicit: 0, pageLoad: 300000, script: 30000}, unhandledPromptBehavior: dismiss and notify, webauthn:virtualAuthenticators: true}
Session ID: 3a00463be4775d60527c246e76e1e3a6
at org.openqa.selenium.remote.http.W3CHttpResponseCodec.createException(W3CHttpResponseCodec.java:187)
at org.openqa.selenium.remote.http.W3CHttpResponseCodec.decode(W3CHttpResponseCodec.java:122)
at org.openqa.selenium.remote.http.W3CHttpResponseCodec.decode(W3CHttpResponseCodec.java:49)
at org.openqa.selenium.remote.HttpCommandExecutor.execute(HttpCommandExecutor.java:158)
at org.openqa.selenium.remote.service.DriverCommandExecutor.execute(DriverCommandExecutor.java:83)
at org.openqa.selenium.remote.RemoteWebDriver.execute(RemoteWebDriver.java:552)
at org.openqa.selenium.remote.RemoteWebElement.execute(RemoteWebElement.java:285)
at org.openqa.selenium.remote.RemoteWebElement.click(RemoteWebElement.java:84)
at com.atmecs.konakart.helpers.CommonHelpers.clickElement(CommonHelpers.java:51)
at com.atmecs.konakart.pages.HomePageHelper.searchProduct(HomePageHelper.java:20)
at com.atmecs.konakart.tests.HomePage.searchProduct(HomePage.java:17)
at java.util.ArrayList.forEach(ArrayList.java:1257)
... Removed 31 stack frames]]>
    </failure>
  </testcase> <!-- searchProduct -->
</testsuite> <!-- Test -->
